[2026-03-25T01:10:27.986+0000] {local_task_job_runner.py:120} INFO - ::group::Pre task execution logs
[2026-03-25T01:10:27.993+0000] {taskinstance.py:2076} INFO - Dependencies all met for dep_context=non-requeueable deps ti=<TaskInstance: Airflow_Lab1.build_save_model_task manual__2026-03-25T01:10:23.047631+00:00 [queued]>
[2026-03-25T01:10:27.996+0000] {taskinstance.py:2076} INFO - Dependencies all met for dep_context=requeueable deps ti=<TaskInstance: Airflow_Lab1.build_save_model_task manual__2026-03-25T01:10:23.047631+00:00 [queued]>
[2026-03-25T01:10:27.996+0000] {taskinstance.py:2306} INFO - Starting attempt 1 of 1
[2026-03-25T01:10:27.999+0000] {taskinstance.py:2330} INFO - Executing <Task(PythonOperator): build_save_model_task> on 2026-03-25 01:10:23.047631+00:00
[2026-03-25T01:10:28.012+0000] {standard_task_runner.py:90} INFO - Running: ['***', 'tasks', 'run', 'Airflow_Lab1', 'build_save_model_task', 'manual__2026-03-25T01:10:23.047631+00:00', '--job-id', '5', '--raw', '--subdir', 'DAGS_FOLDER/***.py', '--cfg-path', '/tmp/tmpscgz1s2c']
[2026-03-25T01:10:28.010+0000] {warnings.py:112} WARNING - /home/***/.local/lib/python3.12/site-packages/***/task/task_runner/standard_task_runner.py:61: DeprecationWarning: This process (pid=281) is multi-threaded, use of fork() may lead to deadlocks in the child.
  pid = os.fork()

[2026-03-25T01:10:28.014+0000] {standard_task_runner.py:63} INFO - Started process 305 to run task
[2026-03-25T01:10:28.014+0000] {standard_task_runner.py:91} INFO - Job 5: Subtask build_save_model_task
[2026-03-25T01:10:28.039+0000] {task_command.py:426} INFO - Running <TaskInstance: Airflow_Lab1.build_save_model_task manual__2026-03-25T01:10:23.047631+00:00 [running]> on host f864ebec81d3
[2026-03-25T01:10:28.136+0000] {taskinstance.py:2648} INFO - Exporting env vars: AIRFLOW_CTX_DAG_OWNER='your_name' AIRFLOW_CTX_DAG_ID='Airflow_Lab1' AIRFLOW_CTX_TASK_ID='build_save_model_task' AIRFLOW_CTX_EXECUTION_DATE='2026-03-25T01:10:23.047631+00:00' AIRFLOW_CTX_TRY_NUMBER='1' AIRFLOW_CTX_DAG_RUN_ID='manual__2026-03-25T01:10:23.047631+00:00'
[2026-03-25T01:10:28.137+0000] {taskinstance.py:430} INFO - ::endgroup::
[2026-03-25T01:10:28.453+0000] {logging_mixin.py:188} INFO - ✅ KMeans model saved with k=4
[2026-03-25T01:10:28.454+0000] {python.py:237} INFO - Done. Returned value was: b'\x80\x04\x95h\x00\x00\x00\x00\x00\x00\x00}\x94(K\x02G@D\xe5<,-\xaa$K\x03G@3\x80k\xe8s\xd1\xd0K\x04G@&}\xdb&Y\xb9BK\x05G@\x1a\xa4&u\xfdS\xadK\x06G@\x14SP\x9b\xb7\xe9\xb7K\x07G@\x0e\x00\xbf\xb1\xd0\xac\xe3K\x08G@\x07\xc9\xe2\x9fJ\xaf3K\tG@\x03\xd4:\xcd\xbd<\xd2K\nG@\x00\x06\x04Y\xd0Y\xf2u.'
[2026-03-25T01:10:28.454+0000] {taskinstance.py:441} INFO - ::group::Post task execution logs
[2026-03-25T01:10:28.461+0000] {taskinstance.py:1206} INFO - Marking task as SUCCESS. dag_id=Airflow_Lab1, task_id=build_save_model_task, run_id=manual__2026-03-25T01:10:23.047631+00:00, execution_date=20260325T011023, start_date=20260325T011027, end_date=20260325T011028
[2026-03-25T01:10:28.481+0000] {local_task_job_runner.py:240} INFO - Task exited with return code 0
[2026-03-25T01:10:28.487+0000] {taskinstance.py:3503} INFO - 1 downstream tasks scheduled from follow-on schedule check
[2026-03-25T01:10:28.488+0000] {local_task_job_runner.py:222} INFO - ::endgroup::
