[2026-03-25T01:10:29.985+0000] {local_task_job_runner.py:120} INFO - ::group::Pre task execution logs
[2026-03-25T01:10:29.992+0000] {taskinstance.py:2076} INFO - Dependencies all met for dep_context=non-requeueable deps ti=<TaskInstance: Airflow_Lab1.load_model_task manual__2026-03-25T01:10:23.047631+00:00 [queued]>
[2026-03-25T01:10:29.994+0000] {taskinstance.py:2076} INFO - Dependencies all met for dep_context=requeueable deps ti=<TaskInstance: Airflow_Lab1.load_model_task manual__2026-03-25T01:10:23.047631+00:00 [queued]>
[2026-03-25T01:10:29.994+0000] {taskinstance.py:2306} INFO - Starting attempt 1 of 1
[2026-03-25T01:10:29.997+0000] {taskinstance.py:2330} INFO - Executing <Task(PythonOperator): load_model_task> on 2026-03-25 01:10:23.047631+00:00
[2026-03-25T01:10:30.001+0000] {warnings.py:112} WARNING - /home/***/.local/lib/python3.12/site-packages/***/task/task_runner/standard_task_runner.py:61: DeprecationWarning: This process (pid=365) is multi-threaded, use of fork() may lead to deadlocks in the child.
  pid = os.fork()

[2026-03-25T01:10:30.001+0000] {standard_task_runner.py:63} INFO - Started process 377 to run task
[2026-03-25T01:10:30.001+0000] {standard_task_runner.py:90} INFO - Running: ['***', 'tasks', 'run', 'Airflow_Lab1', 'load_model_task', 'manual__2026-03-25T01:10:23.047631+00:00', '--job-id', '7', '--raw', '--subdir', 'DAGS_FOLDER/***.py', '--cfg-path', '/tmp/tmpqbzx3bek']
[2026-03-25T01:10:30.002+0000] {standard_task_runner.py:91} INFO - Job 7: Subtask load_model_task
[2026-03-25T01:10:30.015+0000] {task_command.py:426} INFO - Running <TaskInstance: Airflow_Lab1.load_model_task manual__2026-03-25T01:10:23.047631+00:00 [running]> on host f864ebec81d3
[2026-03-25T01:10:30.037+0000] {taskinstance.py:2648} INFO - Exporting env vars: AIRFLOW_CTX_DAG_OWNER='your_name' AIRFLOW_CTX_DAG_ID='Airflow_Lab1' AIRFLOW_CTX_TASK_ID='load_model_task' AIRFLOW_CTX_EXECUTION_DATE='2026-03-25T01:10:23.047631+00:00' AIRFLOW_CTX_TRY_NUMBER='1' AIRFLOW_CTX_DAG_RUN_ID='manual__2026-03-25T01:10:23.047631+00:00'
[2026-03-25T01:10:30.038+0000] {taskinstance.py:430} INFO - ::endgroup::
[2026-03-25T01:10:30.043+0000] {logging_mixin.py:188} INFO - ✅ KMeans optimal clusters (elbow method): 4
[2026-03-25T01:10:30.043+0000] {logging_mixin.py:188} INFO - ✅ Model: KMeans(n_clusters=4, n_init=10, random_state=42)
[2026-03-25T01:10:30.044+0000] {python.py:237} INFO - Done. Returned value was: 4
[2026-03-25T01:10:30.044+0000] {taskinstance.py:441} INFO - ::group::Post task execution logs
[2026-03-25T01:10:30.048+0000] {taskinstance.py:1206} INFO - Marking task as SUCCESS. dag_id=Airflow_Lab1, task_id=load_model_task, run_id=manual__2026-03-25T01:10:23.047631+00:00, execution_date=20260325T011023, start_date=20260325T011029, end_date=20260325T011030
[2026-03-25T01:10:30.058+0000] {local_task_job_runner.py:240} INFO - Task exited with return code 0
[2026-03-25T01:10:30.063+0000] {taskinstance.py:3503} INFO - 0 downstream tasks scheduled from follow-on schedule check
[2026-03-25T01:10:30.063+0000] {local_task_job_runner.py:222} INFO - ::endgroup::
