[2026-03-25T00:57:53.127+0000] {manager.py:470} INFO - Processing files using up to 2 processes at a time 
[2026-03-25T00:57:53.128+0000] {manager.py:471} INFO - Process each file at most once every 30 seconds
[2026-03-25T00:57:53.128+0000] {manager.py:472} INFO - Checking for new files in /opt/airflow/dags every 300 seconds
[2026-03-25T00:57:53.128+0000] {manager.py:737} INFO - Searching for files in /opt/airflow/dags
[2026-03-25T00:57:53.131+0000] {manager.py:740} INFO - There are 2 files in /opt/airflow/dags
[2026-03-25T00:57:53.164+0000] {manager.py:878} INFO - 
================================================================================
DAG File Processing Stats

File Path                       PID  Runtime      # DAGs    # Errors  Last Runtime    Last Run
----------------------------  -----  ---------  --------  ----------  --------------  ----------
/opt/airflow/dags/airflow.py     82  0.02s             0           0
/opt/airflow/dags/src/lab.py     83  0.02s             0           0
================================================================================
[2026-03-25T00:58:23.358+0000] {manager.py:878} INFO - 
================================================================================
DAG File Processing Stats

File Path                     PID    Runtime      # DAGs    # Errors  Last Runtime    Last Run
----------------------------  -----  ---------  --------  ----------  --------------  -------------------
/opt/airflow/dags/airflow.py                           1           0  1.17s           2026-03-25T00:57:54
/opt/airflow/dags/src/lab.py                           0           0  1.06s           2026-03-25T00:57:54
================================================================================
[2026-03-25T00:58:54.310+0000] {manager.py:878} INFO - 
================================================================================
DAG File Processing Stats

File Path                     PID    Runtime      # DAGs    # Errors  Last Runtime    Last Run
----------------------------  -----  ---------  --------  ----------  --------------  -------------------
/opt/airflow/dags/airflow.py                           1           0  0.69s           2026-03-25T00:58:25
/opt/airflow/dags/src/lab.py                           0           0  0.67s           2026-03-25T00:58:25
================================================================================
[2026-03-25T00:59:25.121+0000] {manager.py:878} INFO - 
================================================================================
DAG File Processing Stats

File Path                     PID    Runtime      # DAGs    # Errors  Last Runtime    Last Run
----------------------------  -----  ---------  --------  ----------  --------------  -------------------
/opt/airflow/dags/airflow.py                           1           0  0.54s           2026-03-25T00:58:55
/opt/airflow/dags/src/lab.py                           0           0  0.53s           2026-03-25T00:58:55
================================================================================
[2026-03-25T00:59:55.982+0000] {manager.py:878} INFO - 
================================================================================
DAG File Processing Stats

File Path                     PID    Runtime      # DAGs    # Errors  Last Runtime    Last Run
----------------------------  -----  ---------  --------  ----------  --------------  -------------------
/opt/airflow/dags/airflow.py                           1           0  0.66s           2026-03-25T00:59:26
/opt/airflow/dags/src/lab.py                           0           0  0.64s           2026-03-25T00:59:26
================================================================================
[2026-03-25T01:00:26.734+0000] {manager.py:878} INFO - 
================================================================================
DAG File Processing Stats

File Path                     PID    Runtime      # DAGs    # Errors  Last Runtime    Last Run
----------------------------  -----  ---------  --------  ----------  --------------  -------------------
/opt/airflow/dags/airflow.py                           1           0  0.52s           2026-03-25T00:59:57
/opt/airflow/dags/src/lab.py                           0           0  0.50s           2026-03-25T00:59:57
================================================================================
[2026-03-25T01:00:57.691+0000] {manager.py:878} INFO - 
================================================================================
DAG File Processing Stats

File Path                     PID    Runtime      # DAGs    # Errors  Last Runtime    Last Run
----------------------------  -----  ---------  --------  ----------  --------------  -------------------
/opt/airflow/dags/airflow.py                           1           0  0.70s           2026-03-25T01:00:28
/opt/airflow/dags/src/lab.py                           0           0  0.69s           2026-03-25T01:00:28
================================================================================
[2026-03-25T01:01:28.603+0000] {manager.py:878} INFO - 
================================================================================
DAG File Processing Stats

File Path                     PID    Runtime      # DAGs    # Errors  Last Runtime    Last Run
----------------------------  -----  ---------  --------  ----------  --------------  -------------------
/opt/airflow/dags/airflow.py                           1           0  0.64s           2026-03-25T01:00:59
/opt/airflow/dags/src/lab.py                           0           0  0.62s           2026-03-25T01:00:59
================================================================================
[2026-03-25T01:01:59.576+0000] {manager.py:878} INFO - 
================================================================================
DAG File Processing Stats

File Path                     PID    Runtime      # DAGs    # Errors  Last Runtime    Last Run
----------------------------  -----  ---------  --------  ----------  --------------  -------------------
/opt/airflow/dags/airflow.py                           1           0  0.74s           2026-03-25T01:01:30
/opt/airflow/dags/src/lab.py                           0           0  0.72s           2026-03-25T01:01:30
================================================================================
[2026-03-25T01:02:30.535+0000] {manager.py:878} INFO - 
================================================================================
DAG File Processing Stats

File Path                     PID    Runtime      # DAGs    # Errors  Last Runtime    Last Run
----------------------------  -----  ---------  --------  ----------  --------------  -------------------
/opt/airflow/dags/airflow.py                           1           0  0.72s           2026-03-25T01:02:01
/opt/airflow/dags/src/lab.py                           0           0  0.70s           2026-03-25T01:02:01
================================================================================
[2026-03-25T01:02:53.345+0000] {manager.py:737} INFO - Searching for files in /opt/airflow/dags
[2026-03-25T01:02:53.360+0000] {manager.py:740} INFO - There are 2 files in /opt/airflow/dags
[2026-03-25T01:03:01.440+0000] {manager.py:878} INFO - 
================================================================================
DAG File Processing Stats

File Path                     PID    Runtime      # DAGs    # Errors  Last Runtime    Last Run
----------------------------  -----  ---------  --------  ----------  --------------  -------------------
/opt/airflow/dags/airflow.py                           1           0  0.65s           2026-03-25T01:02:32
/opt/airflow/dags/src/lab.py                           0           0  0.63s           2026-03-25T01:02:32
================================================================================
[2026-03-25T01:03:32.371+0000] {manager.py:878} INFO - 
================================================================================
DAG File Processing Stats

File Path                     PID    Runtime      # DAGs    # Errors  Last Runtime    Last Run
----------------------------  -----  ---------  --------  ----------  --------------  -------------------
/opt/airflow/dags/airflow.py                           1           0  0.72s           2026-03-25T01:03:03
/opt/airflow/dags/src/lab.py                           0           0  0.70s           2026-03-25T01:03:03
================================================================================
[2026-03-25T01:04:03.283+0000] {manager.py:878} INFO - 
================================================================================
DAG File Processing Stats

File Path                     PID    Runtime      # DAGs    # Errors  Last Runtime    Last Run
----------------------------  -----  ---------  --------  ----------  --------------  -------------------
/opt/airflow/dags/airflow.py                           1           0  0.65s           2026-03-25T01:03:34
/opt/airflow/dags/src/lab.py                           0           0  0.63s           2026-03-25T01:03:34
================================================================================
[2026-03-25T01:04:34.009+0000] {manager.py:878} INFO - 
================================================================================
DAG File Processing Stats

File Path                     PID    Runtime      # DAGs    # Errors  Last Runtime    Last Run
----------------------------  -----  ---------  --------  ----------  --------------  -------------------
/opt/airflow/dags/airflow.py                           1           0  0.49s           2026-03-25T01:04:04
/opt/airflow/dags/src/lab.py                           0           0  0.48s           2026-03-25T01:04:04
================================================================================
[2026-03-25T01:05:04.943+0000] {manager.py:878} INFO - 
================================================================================
DAG File Processing Stats

File Path                     PID    Runtime      # DAGs    # Errors  Last Runtime    Last Run
----------------------------  -----  ---------  --------  ----------  --------------  -------------------
/opt/airflow/dags/airflow.py                           1           0  0.67s           2026-03-25T01:04:35
/opt/airflow/dags/src/lab.py                           0           0  0.65s           2026-03-25T01:04:35
================================================================================
[2026-03-25T01:05:35.700+0000] {manager.py:878} INFO - 
================================================================================
DAG File Processing Stats

File Path                     PID    Runtime      # DAGs    # Errors  Last Runtime    Last Run
----------------------------  -----  ---------  --------  ----------  --------------  -------------------
/opt/airflow/dags/airflow.py                           1           0  0.50s           2026-03-25T01:05:06
/opt/airflow/dags/src/lab.py                           0           0  0.49s           2026-03-25T01:05:06
================================================================================
[2026-03-25T01:06:33.995+0000] {manager.py:878} INFO - 
================================================================================
DAG File Processing Stats

File Path                     PID    Runtime      # DAGs    # Errors  Last Runtime    Last Run
----------------------------  -----  ---------  --------  ----------  --------------  -------------------
/opt/airflow/dags/airflow.py                           1           0  0.49s           2026-03-25T01:06:08
/opt/airflow/dags/src/lab.py                           0           0  0.47s           2026-03-25T01:06:08
================================================================================
[2026-03-25T01:07:04.703+0000] {manager.py:878} INFO - 
================================================================================
DAG File Processing Stats

File Path                     PID    Runtime      # DAGs    # Errors  Last Runtime    Last Run
----------------------------  -----  ---------  --------  ----------  --------------  -------------------
/opt/airflow/dags/airflow.py                           1           0  0.50s           2026-03-25T01:06:39
/opt/airflow/dags/src/lab.py                           0           0  0.49s           2026-03-25T01:06:39
================================================================================
[2026-03-25T01:07:35.606+0000] {manager.py:878} INFO - 
================================================================================
DAG File Processing Stats

File Path                     PID    Runtime      # DAGs    # Errors  Last Runtime    Last Run
----------------------------  -----  ---------  --------  ----------  --------------  -------------------
/opt/airflow/dags/airflow.py                           1           0  0.68s           2026-03-25T01:07:10
/opt/airflow/dags/src/lab.py                           0           0  0.66s           2026-03-25T01:07:10
================================================================================
[2026-03-25T01:07:53.393+0000] {manager.py:737} INFO - Searching for files in /opt/airflow/dags
[2026-03-25T01:07:53.399+0000] {manager.py:740} INFO - There are 2 files in /opt/airflow/dags
[2026-03-25T01:08:06.508+0000] {manager.py:878} INFO - 
================================================================================
DAG File Processing Stats

File Path                     PID    Runtime      # DAGs    # Errors  Last Runtime    Last Run
----------------------------  -----  ---------  --------  ----------  --------------  -------------------
/opt/airflow/dags/airflow.py                           1           0  0.67s           2026-03-25T01:07:41
/opt/airflow/dags/src/lab.py                           0           0  0.65s           2026-03-25T01:07:41
================================================================================
[2026-03-25T01:08:37.272+0000] {manager.py:878} INFO - 
================================================================================
DAG File Processing Stats

File Path                     PID    Runtime      # DAGs    # Errors  Last Runtime    Last Run
----------------------------  -----  ---------  --------  ----------  --------------  -------------------
/opt/airflow/dags/airflow.py                           1           0  0.53s           2026-03-25T01:08:12
/opt/airflow/dags/src/lab.py                           0           0  0.52s           2026-03-25T01:08:12
================================================================================
[2026-03-25T01:09:08.209+0000] {manager.py:878} INFO - 
================================================================================
DAG File Processing Stats

File Path                     PID    Runtime      # DAGs    # Errors  Last Runtime    Last Run
----------------------------  -----  ---------  --------  ----------  --------------  -------------------
/opt/airflow/dags/airflow.py                           1           0  0.65s           2026-03-25T01:08:42
/opt/airflow/dags/src/lab.py                           0           0  0.63s           2026-03-25T01:08:42
================================================================================
[2026-03-25T01:09:39.178+0000] {manager.py:878} INFO - 
================================================================================
DAG File Processing Stats

File Path                     PID    Runtime      # DAGs    # Errors  Last Runtime    Last Run
----------------------------  -----  ---------  --------  ----------  --------------  -------------------
/opt/airflow/dags/airflow.py                           1           0  0.72s           2026-03-25T01:09:13
/opt/airflow/dags/src/lab.py                           0           0  0.70s           2026-03-25T01:09:13
================================================================================
[2026-03-25T01:10:10.091+0000] {manager.py:878} INFO - 
================================================================================
DAG File Processing Stats

File Path                     PID    Runtime      # DAGs    # Errors  Last Runtime    Last Run
----------------------------  -----  ---------  --------  ----------  --------------  -------------------
/opt/airflow/dags/airflow.py                           1           0  0.69s           2026-03-25T01:09:44
/opt/airflow/dags/src/lab.py                           0           0  0.66s           2026-03-25T01:09:44
================================================================================
[2026-03-25T01:10:40.159+0000] {manager.py:878} INFO - 
================================================================================
DAG File Processing Stats

File Path                     PID    Runtime      # DAGs    # Errors  Last Runtime    Last Run
----------------------------  -----  ---------  --------  ----------  --------------  -------------------
/opt/airflow/dags/airflow.py                           1           0  0.85s           2026-03-25T01:10:15
/opt/airflow/dags/src/lab.py                           0           0  0.81s           2026-03-25T01:10:15
================================================================================
[2026-03-25T01:11:11.151+0000] {manager.py:878} INFO - 
================================================================================
DAG File Processing Stats

File Path                     PID    Runtime      # DAGs    # Errors  Last Runtime    Last Run
----------------------------  -----  ---------  --------  ----------  --------------  -------------------
/opt/airflow/dags/airflow.py                           1           0  0.72s           2026-03-25T01:10:46
/opt/airflow/dags/src/lab.py                           0           0  0.69s           2026-03-25T01:10:46
================================================================================
[2026-03-25T01:11:42.013+0000] {manager.py:878} INFO - 
================================================================================
DAG File Processing Stats

File Path                     PID    Runtime      # DAGs    # Errors  Last Runtime    Last Run
----------------------------  -----  ---------  --------  ----------  --------------  -------------------
/opt/airflow/dags/airflow.py                           1           0  0.62s           2026-03-25T01:11:17
/opt/airflow/dags/src/lab.py                           0           0  0.60s           2026-03-25T01:11:17
================================================================================
[2026-03-25T01:12:12.853+0000] {manager.py:878} INFO - 
================================================================================
DAG File Processing Stats

File Path                     PID    Runtime      # DAGs    # Errors  Last Runtime    Last Run
----------------------------  -----  ---------  --------  ----------  --------------  -------------------
/opt/airflow/dags/airflow.py                           1           0  0.59s           2026-03-25T01:11:48
/opt/airflow/dags/src/lab.py                           0           0  0.57s           2026-03-25T01:11:48
================================================================================
[2026-03-25T01:12:43.838+0000] {manager.py:878} INFO - 
================================================================================
DAG File Processing Stats

File Path                     PID    Runtime      # DAGs    # Errors  Last Runtime    Last Run
----------------------------  -----  ---------  --------  ----------  --------------  -------------------
/opt/airflow/dags/airflow.py                           1           0  0.77s           2026-03-25T01:12:19
/opt/airflow/dags/src/lab.py                           0           0  0.73s           2026-03-25T01:12:19
================================================================================
[2026-03-25T01:12:53.569+0000] {manager.py:737} INFO - Searching for files in /opt/airflow/dags
[2026-03-25T01:12:53.576+0000] {manager.py:740} INFO - There are 2 files in /opt/airflow/dags
[2026-03-25T01:13:14.768+0000] {manager.py:878} INFO - 
================================================================================
DAG File Processing Stats

File Path                     PID    Runtime      # DAGs    # Errors  Last Runtime    Last Run
----------------------------  -----  ---------  --------  ----------  --------------  -------------------
/opt/airflow/dags/airflow.py                           1           0  0.67s           2026-03-25T01:12:50
/opt/airflow/dags/src/lab.py                           0           0  0.64s           2026-03-25T01:12:50
================================================================================
[2026-03-25T01:13:45.701+0000] {manager.py:878} INFO - 
================================================================================
DAG File Processing Stats

File Path                     PID    Runtime      # DAGs    # Errors  Last Runtime    Last Run
----------------------------  -----  ---------  --------  ----------  --------------  -------------------
/opt/airflow/dags/airflow.py                           1           0  0.69s           2026-03-25T01:13:21
/opt/airflow/dags/src/lab.py                           0           0  0.67s           2026-03-25T01:13:21
================================================================================
[2026-03-25T01:14:16.687+0000] {manager.py:878} INFO - 
================================================================================
DAG File Processing Stats

File Path                     PID    Runtime      # DAGs    # Errors  Last Runtime    Last Run
----------------------------  -----  ---------  --------  ----------  --------------  -------------------
/opt/airflow/dags/airflow.py                           1           0  0.65s           2026-03-25T01:13:52
/opt/airflow/dags/src/lab.py                           0           0  0.62s           2026-03-25T01:13:52
================================================================================
[2026-03-25T01:14:47.677+0000] {manager.py:878} INFO - 
================================================================================
DAG File Processing Stats

File Path                     PID    Runtime      # DAGs    # Errors  Last Runtime    Last Run
----------------------------  -----  ---------  --------  ----------  --------------  -------------------
/opt/airflow/dags/airflow.py                           1           0  0.79s           2026-03-25T01:14:23
/opt/airflow/dags/src/lab.py                           0           0  0.75s           2026-03-25T01:14:23
================================================================================
[2026-03-25T01:15:18.623+0000] {manager.py:878} INFO - 
================================================================================
DAG File Processing Stats

File Path                     PID    Runtime      # DAGs    # Errors  Last Runtime    Last Run
----------------------------  -----  ---------  --------  ----------  --------------  -------------------
/opt/airflow/dags/airflow.py                           1           0  0.71s           2026-03-25T01:14:54
/opt/airflow/dags/src/lab.py                           0           0  0.68s           2026-03-25T01:14:54
================================================================================
[2026-03-25T01:15:49.546+0000] {manager.py:878} INFO - 
================================================================================
DAG File Processing Stats

File Path                     PID    Runtime      # DAGs    # Errors  Last Runtime    Last Run
----------------------------  -----  ---------  --------  ----------  --------------  -------------------
/opt/airflow/dags/airflow.py                           1           0  0.68s           2026-03-25T01:15:25
/opt/airflow/dags/src/lab.py                           0           0  0.66s           2026-03-25T01:15:25
================================================================================
[2026-03-25T01:16:20.481+0000] {manager.py:878} INFO - 
================================================================================
DAG File Processing Stats

File Path                     PID    Runtime      # DAGs    # Errors  Last Runtime    Last Run
----------------------------  -----  ---------  --------  ----------  --------------  -------------------
/opt/airflow/dags/airflow.py                           1           0  0.68s           2026-03-25T01:15:56
/opt/airflow/dags/src/lab.py                           0           0  0.66s           2026-03-25T01:15:56
================================================================================
[2026-03-25T01:16:51.486+0000] {manager.py:878} INFO - 
================================================================================
DAG File Processing Stats

File Path                     PID    Runtime      # DAGs    # Errors  Last Runtime    Last Run
----------------------------  -----  ---------  --------  ----------  --------------  -------------------
/opt/airflow/dags/airflow.py                           1           0  0.77s           2026-03-25T01:16:27
/opt/airflow/dags/src/lab.py                           0           0  0.75s           2026-03-25T01:16:27
================================================================================
[2026-03-25T01:17:22.465+0000] {manager.py:878} INFO - 
================================================================================
DAG File Processing Stats

File Path                     PID    Runtime      # DAGs    # Errors  Last Runtime    Last Run
----------------------------  -----  ---------  --------  ----------  --------------  -------------------
/opt/airflow/dags/airflow.py                           1           0  0.74s           2026-03-25T01:16:58
/opt/airflow/dags/src/lab.py                           0           0  0.72s           2026-03-25T01:16:58
================================================================================
[2026-03-25T01:17:53.320+0000] {manager.py:878} INFO - 
================================================================================
DAG File Processing Stats

File Path                     PID    Runtime      # DAGs    # Errors  Last Runtime    Last Run
----------------------------  -----  ---------  --------  ----------  --------------  -------------------
/opt/airflow/dags/airflow.py                           1           0  0.63s           2026-03-25T01:17:29
/opt/airflow/dags/src/lab.py                           0           0  0.61s           2026-03-25T01:17:29
================================================================================
[2026-03-25T01:17:54.329+0000] {manager.py:737} INFO - Searching for files in /opt/airflow/dags
[2026-03-25T01:17:54.340+0000] {manager.py:740} INFO - There are 2 files in /opt/airflow/dags
[2026-03-25T01:18:24.232+0000] {manager.py:878} INFO - 
================================================================================
DAG File Processing Stats

File Path                     PID    Runtime      # DAGs    # Errors  Last Runtime    Last Run
----------------------------  -----  ---------  --------  ----------  --------------  -------------------
/opt/airflow/dags/airflow.py                           1           0  0.64s           2026-03-25T01:18:00
/opt/airflow/dags/src/lab.py                           0           0  0.62s           2026-03-25T01:18:00
================================================================================
[2026-03-25T01:18:55.210+0000] {manager.py:878} INFO - 
================================================================================
DAG File Processing Stats

File Path                     PID    Runtime      # DAGs    # Errors  Last Runtime    Last Run
----------------------------  -----  ---------  --------  ----------  --------------  -------------------
/opt/airflow/dags/airflow.py                           1           0  0.71s           2026-03-25T01:18:30
/opt/airflow/dags/src/lab.py                           0           0  0.68s           2026-03-25T01:18:30
================================================================================
[2026-03-25T01:19:25.217+0000] {manager.py:878} INFO - 
================================================================================
DAG File Processing Stats

File Path                     PID    Runtime      # DAGs    # Errors  Last Runtime    Last Run
----------------------------  -----  ---------  --------  ----------  --------------  -------------------
/opt/airflow/dags/airflow.py                           1           0  0.77s           2026-03-25T01:19:02
/opt/airflow/dags/src/lab.py                           0           0  0.74s           2026-03-25T01:19:02
================================================================================
[2026-03-25T01:19:55.450+0000] {manager.py:878} INFO - 
================================================================================
DAG File Processing Stats

File Path                     PID    Runtime      # DAGs    # Errors  Last Runtime    Last Run
----------------------------  -----  ---------  --------  ----------  --------------  -------------------
/opt/airflow/dags/airflow.py                           1           0  0.97s           2026-03-25T01:19:33
/opt/airflow/dags/src/lab.py                           0           0  0.92s           2026-03-25T01:19:33
================================================================================
[2026-03-25T01:20:25.870+0000] {manager.py:878} INFO - 
================================================================================
DAG File Processing Stats

File Path                     PID    Runtime      # DAGs    # Errors  Last Runtime    Last Run
----------------------------  -----  ---------  --------  ----------  --------------  -------------------
/opt/airflow/dags/airflow.py                           1           0  1.18s           2026-03-25T01:20:04
/opt/airflow/dags/src/lab.py                           0           0  1.15s           2026-03-25T01:20:04
================================================================================
[2026-03-25T01:20:56.804+0000] {manager.py:878} INFO - 
================================================================================
DAG File Processing Stats

File Path                     PID    Runtime      # DAGs    # Errors  Last Runtime    Last Run
----------------------------  -----  ---------  --------  ----------  --------------  -------------------
/opt/airflow/dags/airflow.py                           1           0  0.74s           2026-03-25T01:20:35
/opt/airflow/dags/src/lab.py                           0           0  0.67s           2026-03-25T01:20:35
================================================================================
