[2026-03-25T00:57:53.151+0000] {processor.py:161} INFO - Started process (PID=83) to work on /opt/airflow/dags/src/lab.py
[2026-03-25T00:57:53.152+0000] {processor.py:830} INFO - Processing file /opt/airflow/dags/src/lab.py for tasks to queue
[2026-03-25T00:57:53.154+0000] {logging_mixin.py:188} INFO - [2026-03-25T00:57:53.154+0000] {dagbag.py:545} INFO - Filling up the DagBag from /opt/airflow/dags/src/lab.py
[2026-03-25T00:57:54.195+0000] {processor.py:842} WARNING - No viable dags retrieved from /opt/airflow/dags/src/lab.py
[2026-03-25T00:57:54.201+0000] {processor.py:183} INFO - Processing /opt/airflow/dags/src/lab.py took 1.052 seconds
[2026-03-25T00:58:24.395+0000] {processor.py:161} INFO - Started process (PID=113) to work on /opt/airflow/dags/src/lab.py
[2026-03-25T00:58:24.396+0000] {processor.py:830} INFO - Processing file /opt/airflow/dags/src/lab.py for tasks to queue
[2026-03-25T00:58:24.397+0000] {logging_mixin.py:188} INFO - [2026-03-25T00:58:24.397+0000] {dagbag.py:545} INFO - Filling up the DagBag from /opt/airflow/dags/src/lab.py
[2026-03-25T00:58:25.036+0000] {processor.py:842} WARNING - No viable dags retrieved from /opt/airflow/dags/src/lab.py
[2026-03-25T00:58:25.043+0000] {processor.py:183} INFO - Processing /opt/airflow/dags/src/lab.py took 0.655 seconds
[2026-03-25T00:58:55.345+0000] {processor.py:161} INFO - Started process (PID=144) to work on /opt/airflow/dags/src/lab.py
[2026-03-25T00:58:55.345+0000] {processor.py:830} INFO - Processing file /opt/airflow/dags/src/lab.py for tasks to queue
[2026-03-25T00:58:55.347+0000] {logging_mixin.py:188} INFO - [2026-03-25T00:58:55.347+0000] {dagbag.py:545} INFO - Filling up the DagBag from /opt/airflow/dags/src/lab.py
[2026-03-25T00:58:55.859+0000] {processor.py:842} WARNING - No viable dags retrieved from /opt/airflow/dags/src/lab.py
[2026-03-25T00:58:55.864+0000] {processor.py:183} INFO - Processing /opt/airflow/dags/src/lab.py took 0.524 seconds
[2026-03-25T00:59:26.149+0000] {processor.py:161} INFO - Started process (PID=174) to work on /opt/airflow/dags/src/lab.py
[2026-03-25T00:59:26.153+0000] {processor.py:830} INFO - Processing file /opt/airflow/dags/src/lab.py for tasks to queue
[2026-03-25T00:59:26.155+0000] {logging_mixin.py:188} INFO - [2026-03-25T00:59:26.154+0000] {dagbag.py:545} INFO - Filling up the DagBag from /opt/airflow/dags/src/lab.py
[2026-03-25T00:59:26.764+0000] {processor.py:842} WARNING - No viable dags retrieved from /opt/airflow/dags/src/lab.py
[2026-03-25T00:59:26.774+0000] {processor.py:183} INFO - Processing /opt/airflow/dags/src/lab.py took 0.630 seconds
[2026-03-25T00:59:57.012+0000] {processor.py:161} INFO - Started process (PID=204) to work on /opt/airflow/dags/src/lab.py
[2026-03-25T00:59:57.014+0000] {processor.py:830} INFO - Processing file /opt/airflow/dags/src/lab.py for tasks to queue
[2026-03-25T00:59:57.017+0000] {logging_mixin.py:188} INFO - [2026-03-25T00:59:57.017+0000] {dagbag.py:545} INFO - Filling up the DagBag from /opt/airflow/dags/src/lab.py
[2026-03-25T00:59:57.496+0000] {processor.py:842} WARNING - No viable dags retrieved from /opt/airflow/dags/src/lab.py
[2026-03-25T00:59:57.501+0000] {processor.py:183} INFO - Processing /opt/airflow/dags/src/lab.py took 0.494 seconds
[2026-03-25T01:00:27.774+0000] {processor.py:161} INFO - Started process (PID=234) to work on /opt/airflow/dags/src/lab.py
[2026-03-25T01:00:27.777+0000] {processor.py:830} INFO - Processing file /opt/airflow/dags/src/lab.py for tasks to queue
[2026-03-25T01:00:27.781+0000] {logging_mixin.py:188} INFO - [2026-03-25T01:00:27.781+0000] {dagbag.py:545} INFO - Filling up the DagBag from /opt/airflow/dags/src/lab.py
[2026-03-25T01:00:28.432+0000] {processor.py:842} WARNING - No viable dags retrieved from /opt/airflow/dags/src/lab.py
[2026-03-25T01:00:28.441+0000] {processor.py:183} INFO - Processing /opt/airflow/dags/src/lab.py took 0.674 seconds
[2026-03-25T01:00:58.714+0000] {processor.py:161} INFO - Started process (PID=270) to work on /opt/airflow/dags/src/lab.py
[2026-03-25T01:00:58.717+0000] {processor.py:830} INFO - Processing file /opt/airflow/dags/src/lab.py for tasks to queue
[2026-03-25T01:00:58.718+0000] {logging_mixin.py:188} INFO - [2026-03-25T01:00:58.718+0000] {dagbag.py:545} INFO - Filling up the DagBag from /opt/airflow/dags/src/lab.py
[2026-03-25T01:00:59.316+0000] {processor.py:842} WARNING - No viable dags retrieved from /opt/airflow/dags/src/lab.py
[2026-03-25T01:00:59.321+0000] {processor.py:183} INFO - Processing /opt/airflow/dags/src/lab.py took 0.609 seconds
[2026-03-25T01:01:29.630+0000] {processor.py:161} INFO - Started process (PID=300) to work on /opt/airflow/dags/src/lab.py
[2026-03-25T01:01:29.631+0000] {processor.py:830} INFO - Processing file /opt/airflow/dags/src/lab.py for tasks to queue
[2026-03-25T01:01:29.632+0000] {logging_mixin.py:188} INFO - [2026-03-25T01:01:29.632+0000] {dagbag.py:545} INFO - Filling up the DagBag from /opt/airflow/dags/src/lab.py
[2026-03-25T01:01:30.329+0000] {processor.py:842} WARNING - No viable dags retrieved from /opt/airflow/dags/src/lab.py
[2026-03-25T01:01:30.334+0000] {processor.py:183} INFO - Processing /opt/airflow/dags/src/lab.py took 0.707 seconds
[2026-03-25T01:02:00.596+0000] {processor.py:161} INFO - Started process (PID=330) to work on /opt/airflow/dags/src/lab.py
[2026-03-25T01:02:00.598+0000] {processor.py:830} INFO - Processing file /opt/airflow/dags/src/lab.py for tasks to queue
[2026-03-25T01:02:00.599+0000] {logging_mixin.py:188} INFO - [2026-03-25T01:02:00.599+0000] {dagbag.py:545} INFO - Filling up the DagBag from /opt/airflow/dags/src/lab.py
[2026-03-25T01:02:01.273+0000] {processor.py:842} WARNING - No viable dags retrieved from /opt/airflow/dags/src/lab.py
[2026-03-25T01:02:01.281+0000] {processor.py:183} INFO - Processing /opt/airflow/dags/src/lab.py took 0.685 seconds
[2026-03-25T01:02:31.556+0000] {processor.py:161} INFO - Started process (PID=359) to work on /opt/airflow/dags/src/lab.py
[2026-03-25T01:02:31.559+0000] {processor.py:830} INFO - Processing file /opt/airflow/dags/src/lab.py for tasks to queue
[2026-03-25T01:02:31.559+0000] {logging_mixin.py:188} INFO - [2026-03-25T01:02:31.559+0000] {dagbag.py:545} INFO - Filling up the DagBag from /opt/airflow/dags/src/lab.py
[2026-03-25T01:02:32.170+0000] {processor.py:842} WARNING - No viable dags retrieved from /opt/airflow/dags/src/lab.py
[2026-03-25T01:02:32.175+0000] {processor.py:183} INFO - Processing /opt/airflow/dags/src/lab.py took 0.621 seconds
[2026-03-25T01:03:02.462+0000] {processor.py:161} INFO - Started process (PID=389) to work on /opt/airflow/dags/src/lab.py
[2026-03-25T01:03:02.463+0000] {processor.py:830} INFO - Processing file /opt/airflow/dags/src/lab.py for tasks to queue
[2026-03-25T01:03:02.464+0000] {logging_mixin.py:188} INFO - [2026-03-25T01:03:02.464+0000] {dagbag.py:545} INFO - Filling up the DagBag from /opt/airflow/dags/src/lab.py
[2026-03-25T01:03:03.138+0000] {processor.py:842} WARNING - No viable dags retrieved from /opt/airflow/dags/src/lab.py
[2026-03-25T01:03:03.143+0000] {processor.py:183} INFO - Processing /opt/airflow/dags/src/lab.py took 0.685 seconds
[2026-03-25T01:03:33.400+0000] {processor.py:161} INFO - Started process (PID=419) to work on /opt/airflow/dags/src/lab.py
[2026-03-25T01:03:33.401+0000] {processor.py:830} INFO - Processing file /opt/airflow/dags/src/lab.py for tasks to queue
[2026-03-25T01:03:33.402+0000] {logging_mixin.py:188} INFO - [2026-03-25T01:03:33.402+0000] {dagbag.py:545} INFO - Filling up the DagBag from /opt/airflow/dags/src/lab.py
[2026-03-25T01:03:34.003+0000] {processor.py:842} WARNING - No viable dags retrieved from /opt/airflow/dags/src/lab.py
[2026-03-25T01:03:34.011+0000] {processor.py:183} INFO - Processing /opt/airflow/dags/src/lab.py took 0.614 seconds
[2026-03-25T01:04:04.298+0000] {processor.py:161} INFO - Started process (PID=449) to work on /opt/airflow/dags/src/lab.py
[2026-03-25T01:04:04.299+0000] {processor.py:830} INFO - Processing file /opt/airflow/dags/src/lab.py for tasks to queue
[2026-03-25T01:04:04.300+0000] {logging_mixin.py:188} INFO - [2026-03-25T01:04:04.300+0000] {dagbag.py:545} INFO - Filling up the DagBag from /opt/airflow/dags/src/lab.py
[2026-03-25T01:04:04.761+0000] {processor.py:842} WARNING - No viable dags retrieved from /opt/airflow/dags/src/lab.py
[2026-03-25T01:04:04.765+0000] {processor.py:183} INFO - Processing /opt/airflow/dags/src/lab.py took 0.469 seconds
[2026-03-25T01:04:35.040+0000] {processor.py:161} INFO - Started process (PID=479) to work on /opt/airflow/dags/src/lab.py
[2026-03-25T01:04:35.040+0000] {processor.py:830} INFO - Processing file /opt/airflow/dags/src/lab.py for tasks to queue
[2026-03-25T01:04:35.041+0000] {logging_mixin.py:188} INFO - [2026-03-25T01:04:35.041+0000] {dagbag.py:545} INFO - Filling up the DagBag from /opt/airflow/dags/src/lab.py
[2026-03-25T01:04:35.666+0000] {processor.py:842} WARNING - No viable dags retrieved from /opt/airflow/dags/src/lab.py
[2026-03-25T01:04:35.673+0000] {processor.py:183} INFO - Processing /opt/airflow/dags/src/lab.py took 0.637 seconds
[2026-03-25T01:05:05.958+0000] {processor.py:161} INFO - Started process (PID=509) to work on /opt/airflow/dags/src/lab.py
[2026-03-25T01:05:05.960+0000] {processor.py:830} INFO - Processing file /opt/airflow/dags/src/lab.py for tasks to queue
[2026-03-25T01:05:05.962+0000] {logging_mixin.py:188} INFO - [2026-03-25T01:05:05.962+0000] {dagbag.py:545} INFO - Filling up the DagBag from /opt/airflow/dags/src/lab.py
[2026-03-25T01:05:06.428+0000] {processor.py:842} WARNING - No viable dags retrieved from /opt/airflow/dags/src/lab.py
[2026-03-25T01:05:06.433+0000] {processor.py:183} INFO - Processing /opt/airflow/dags/src/lab.py took 0.478 seconds
[2026-03-25T01:05:36.723+0000] {processor.py:161} INFO - Started process (PID=539) to work on /opt/airflow/dags/src/lab.py
[2026-03-25T01:05:36.723+0000] {processor.py:830} INFO - Processing file /opt/airflow/dags/src/lab.py for tasks to queue
[2026-03-25T01:05:36.725+0000] {logging_mixin.py:188} INFO - [2026-03-25T01:05:36.725+0000] {dagbag.py:545} INFO - Filling up the DagBag from /opt/airflow/dags/src/lab.py
[2026-03-25T01:05:37.319+0000] {processor.py:842} WARNING - No viable dags retrieved from /opt/airflow/dags/src/lab.py
[2026-03-25T01:05:37.328+0000] {processor.py:183} INFO - Processing /opt/airflow/dags/src/lab.py took 0.608 seconds
[2026-03-25T01:06:08.332+0000] {processor.py:161} INFO - Started process (PID=563) to work on /opt/airflow/dags/src/lab.py
[2026-03-25T01:06:08.336+0000] {processor.py:830} INFO - Processing file /opt/airflow/dags/src/lab.py for tasks to queue
[2026-03-25T01:06:08.336+0000] {logging_mixin.py:188} INFO - [2026-03-25T01:06:08.336+0000] {dagbag.py:545} INFO - Filling up the DagBag from /opt/airflow/dags/src/lab.py
[2026-03-25T01:06:08.782+0000] {processor.py:842} WARNING - No viable dags retrieved from /opt/airflow/dags/src/lab.py
[2026-03-25T01:06:08.791+0000] {processor.py:183} INFO - Processing /opt/airflow/dags/src/lab.py took 0.463 seconds
[2026-03-25T01:06:39.056+0000] {processor.py:161} INFO - Started process (PID=593) to work on /opt/airflow/dags/src/lab.py
[2026-03-25T01:06:39.060+0000] {processor.py:830} INFO - Processing file /opt/airflow/dags/src/lab.py for tasks to queue
[2026-03-25T01:06:39.061+0000] {logging_mixin.py:188} INFO - [2026-03-25T01:06:39.061+0000] {dagbag.py:545} INFO - Filling up the DagBag from /opt/airflow/dags/src/lab.py
[2026-03-25T01:06:39.521+0000] {processor.py:842} WARNING - No viable dags retrieved from /opt/airflow/dags/src/lab.py
[2026-03-25T01:06:39.530+0000] {processor.py:183} INFO - Processing /opt/airflow/dags/src/lab.py took 0.479 seconds
[2026-03-25T01:07:09.754+0000] {processor.py:161} INFO - Started process (PID=623) to work on /opt/airflow/dags/src/lab.py
[2026-03-25T01:07:09.754+0000] {processor.py:830} INFO - Processing file /opt/airflow/dags/src/lab.py for tasks to queue
[2026-03-25T01:07:09.756+0000] {logging_mixin.py:188} INFO - [2026-03-25T01:07:09.756+0000] {dagbag.py:545} INFO - Filling up the DagBag from /opt/airflow/dags/src/lab.py
[2026-03-25T01:07:10.394+0000] {processor.py:842} WARNING - No viable dags retrieved from /opt/airflow/dags/src/lab.py
[2026-03-25T01:07:10.399+0000] {processor.py:183} INFO - Processing /opt/airflow/dags/src/lab.py took 0.649 seconds
[2026-03-25T01:07:40.666+0000] {processor.py:161} INFO - Started process (PID=653) to work on /opt/airflow/dags/src/lab.py
[2026-03-25T01:07:40.671+0000] {processor.py:830} INFO - Processing file /opt/airflow/dags/src/lab.py for tasks to queue
[2026-03-25T01:07:40.674+0000] {logging_mixin.py:188} INFO - [2026-03-25T01:07:40.674+0000] {dagbag.py:545} INFO - Filling up the DagBag from /opt/airflow/dags/src/lab.py
[2026-03-25T01:07:41.294+0000] {processor.py:842} WARNING - No viable dags retrieved from /opt/airflow/dags/src/lab.py
[2026-03-25T01:07:41.299+0000] {processor.py:183} INFO - Processing /opt/airflow/dags/src/lab.py took 0.637 seconds
[2026-03-25T01:08:11.562+0000] {processor.py:161} INFO - Started process (PID=683) to work on /opt/airflow/dags/src/lab.py
[2026-03-25T01:08:11.563+0000] {processor.py:830} INFO - Processing file /opt/airflow/dags/src/lab.py for tasks to queue
[2026-03-25T01:08:11.566+0000] {logging_mixin.py:188} INFO - [2026-03-25T01:08:11.566+0000] {dagbag.py:545} INFO - Filling up the DagBag from /opt/airflow/dags/src/lab.py
[2026-03-25T01:08:12.054+0000] {processor.py:842} WARNING - No viable dags retrieved from /opt/airflow/dags/src/lab.py
[2026-03-25T01:08:12.060+0000] {processor.py:183} INFO - Processing /opt/airflow/dags/src/lab.py took 0.503 seconds
[2026-03-25T01:08:42.368+0000] {processor.py:161} INFO - Started process (PID=713) to work on /opt/airflow/dags/src/lab.py
[2026-03-25T01:08:42.370+0000] {processor.py:830} INFO - Processing file /opt/airflow/dags/src/lab.py for tasks to queue
[2026-03-25T01:08:42.371+0000] {logging_mixin.py:188} INFO - [2026-03-25T01:08:42.371+0000] {dagbag.py:545} INFO - Filling up the DagBag from /opt/airflow/dags/src/lab.py
[2026-03-25T01:08:42.969+0000] {processor.py:842} WARNING - No viable dags retrieved from /opt/airflow/dags/src/lab.py
[2026-03-25T01:08:42.980+0000] {processor.py:183} INFO - Processing /opt/airflow/dags/src/lab.py took 0.614 seconds
[2026-03-25T01:09:13.276+0000] {processor.py:161} INFO - Started process (PID=743) to work on /opt/airflow/dags/src/lab.py
[2026-03-25T01:09:13.277+0000] {processor.py:830} INFO - Processing file /opt/airflow/dags/src/lab.py for tasks to queue
[2026-03-25T01:09:13.281+0000] {logging_mixin.py:188} INFO - [2026-03-25T01:09:13.281+0000] {dagbag.py:545} INFO - Filling up the DagBag from /opt/airflow/dags/src/lab.py
[2026-03-25T01:09:13.944+0000] {processor.py:842} WARNING - No viable dags retrieved from /opt/airflow/dags/src/lab.py
[2026-03-25T01:09:13.955+0000] {processor.py:183} INFO - Processing /opt/airflow/dags/src/lab.py took 0.683 seconds
[2026-03-25T01:09:44.250+0000] {processor.py:161} INFO - Started process (PID=773) to work on /opt/airflow/dags/src/lab.py
[2026-03-25T01:09:44.251+0000] {processor.py:830} INFO - Processing file /opt/airflow/dags/src/lab.py for tasks to queue
[2026-03-25T01:09:44.252+0000] {logging_mixin.py:188} INFO - [2026-03-25T01:09:44.252+0000] {dagbag.py:545} INFO - Filling up the DagBag from /opt/airflow/dags/src/lab.py
[2026-03-25T01:09:44.881+0000] {processor.py:842} WARNING - No viable dags retrieved from /opt/airflow/dags/src/lab.py
[2026-03-25T01:09:44.887+0000] {processor.py:183} INFO - Processing /opt/airflow/dags/src/lab.py took 0.642 seconds
[2026-03-25T01:10:15.168+0000] {processor.py:161} INFO - Started process (PID=803) to work on /opt/airflow/dags/src/lab.py
[2026-03-25T01:10:15.171+0000] {processor.py:830} INFO - Processing file /opt/airflow/dags/src/lab.py for tasks to queue
[2026-03-25T01:10:15.172+0000] {logging_mixin.py:188} INFO - [2026-03-25T01:10:15.172+0000] {dagbag.py:545} INFO - Filling up the DagBag from /opt/airflow/dags/src/lab.py
[2026-03-25T01:10:15.949+0000] {processor.py:842} WARNING - No viable dags retrieved from /opt/airflow/dags/src/lab.py
[2026-03-25T01:10:15.960+0000] {processor.py:183} INFO - Processing /opt/airflow/dags/src/lab.py took 0.796 seconds
[2026-03-25T01:10:46.244+0000] {processor.py:161} INFO - Started process (PID=837) to work on /opt/airflow/dags/src/lab.py
[2026-03-25T01:10:46.247+0000] {processor.py:830} INFO - Processing file /opt/airflow/dags/src/lab.py for tasks to queue
[2026-03-25T01:10:46.249+0000] {logging_mixin.py:188} INFO - [2026-03-25T01:10:46.249+0000] {dagbag.py:545} INFO - Filling up the DagBag from /opt/airflow/dags/src/lab.py
[2026-03-25T01:10:46.914+0000] {processor.py:842} WARNING - No viable dags retrieved from /opt/airflow/dags/src/lab.py
[2026-03-25T01:10:46.924+0000] {processor.py:183} INFO - Processing /opt/airflow/dags/src/lab.py took 0.684 seconds
[2026-03-25T01:11:17.222+0000] {processor.py:161} INFO - Started process (PID=867) to work on /opt/airflow/dags/src/lab.py
[2026-03-25T01:11:17.224+0000] {processor.py:830} INFO - Processing file /opt/airflow/dags/src/lab.py for tasks to queue
[2026-03-25T01:11:17.225+0000] {logging_mixin.py:188} INFO - [2026-03-25T01:11:17.225+0000] {dagbag.py:545} INFO - Filling up the DagBag from /opt/airflow/dags/src/lab.py
[2026-03-25T01:11:17.801+0000] {processor.py:842} WARNING - No viable dags retrieved from /opt/airflow/dags/src/lab.py
[2026-03-25T01:11:17.807+0000] {processor.py:183} INFO - Processing /opt/airflow/dags/src/lab.py took 0.589 seconds
[2026-03-25T01:11:48.077+0000] {processor.py:161} INFO - Started process (PID=897) to work on /opt/airflow/dags/src/lab.py
[2026-03-25T01:11:48.079+0000] {processor.py:830} INFO - Processing file /opt/airflow/dags/src/lab.py for tasks to queue
[2026-03-25T01:11:48.081+0000] {logging_mixin.py:188} INFO - [2026-03-25T01:11:48.081+0000] {dagbag.py:545} INFO - Filling up the DagBag from /opt/airflow/dags/src/lab.py
[2026-03-25T01:11:48.624+0000] {processor.py:842} WARNING - No viable dags retrieved from /opt/airflow/dags/src/lab.py
[2026-03-25T01:11:48.631+0000] {processor.py:183} INFO - Processing /opt/airflow/dags/src/lab.py took 0.559 seconds
[2026-03-25T01:12:18.939+0000] {processor.py:161} INFO - Started process (PID=927) to work on /opt/airflow/dags/src/lab.py
[2026-03-25T01:12:18.942+0000] {processor.py:830} INFO - Processing file /opt/airflow/dags/src/lab.py for tasks to queue
[2026-03-25T01:12:18.945+0000] {logging_mixin.py:188} INFO - [2026-03-25T01:12:18.945+0000] {dagbag.py:545} INFO - Filling up the DagBag from /opt/airflow/dags/src/lab.py
[2026-03-25T01:12:19.635+0000] {processor.py:842} WARNING - No viable dags retrieved from /opt/airflow/dags/src/lab.py
[2026-03-25T01:12:19.657+0000] {processor.py:183} INFO - Processing /opt/airflow/dags/src/lab.py took 0.723 seconds
[2026-03-25T01:12:49.921+0000] {processor.py:161} INFO - Started process (PID=957) to work on /opt/airflow/dags/src/lab.py
[2026-03-25T01:12:49.922+0000] {processor.py:830} INFO - Processing file /opt/airflow/dags/src/lab.py for tasks to queue
[2026-03-25T01:12:49.925+0000] {logging_mixin.py:188} INFO - [2026-03-25T01:12:49.925+0000] {dagbag.py:545} INFO - Filling up the DagBag from /opt/airflow/dags/src/lab.py
[2026-03-25T01:12:50.538+0000] {processor.py:842} WARNING - No viable dags retrieved from /opt/airflow/dags/src/lab.py
[2026-03-25T01:12:50.542+0000] {processor.py:183} INFO - Processing /opt/airflow/dags/src/lab.py took 0.627 seconds
[2026-03-25T01:13:20.850+0000] {processor.py:161} INFO - Started process (PID=987) to work on /opt/airflow/dags/src/lab.py
[2026-03-25T01:13:20.851+0000] {processor.py:830} INFO - Processing file /opt/airflow/dags/src/lab.py for tasks to queue
[2026-03-25T01:13:20.854+0000] {logging_mixin.py:188} INFO - [2026-03-25T01:13:20.853+0000] {dagbag.py:545} INFO - Filling up the DagBag from /opt/airflow/dags/src/lab.py
[2026-03-25T01:13:21.487+0000] {processor.py:842} WARNING - No viable dags retrieved from /opt/airflow/dags/src/lab.py
[2026-03-25T01:13:21.496+0000] {processor.py:183} INFO - Processing /opt/airflow/dags/src/lab.py took 0.658 seconds
[2026-03-25T01:13:51.764+0000] {processor.py:161} INFO - Started process (PID=1017) to work on /opt/airflow/dags/src/lab.py
[2026-03-25T01:13:51.765+0000] {processor.py:830} INFO - Processing file /opt/airflow/dags/src/lab.py for tasks to queue
[2026-03-25T01:13:51.767+0000] {logging_mixin.py:188} INFO - [2026-03-25T01:13:51.767+0000] {dagbag.py:545} INFO - Filling up the DagBag from /opt/airflow/dags/src/lab.py
[2026-03-25T01:13:52.362+0000] {processor.py:842} WARNING - No viable dags retrieved from /opt/airflow/dags/src/lab.py
[2026-03-25T01:13:52.368+0000] {processor.py:183} INFO - Processing /opt/airflow/dags/src/lab.py took 0.609 seconds
[2026-03-25T01:14:22.757+0000] {processor.py:161} INFO - Started process (PID=1047) to work on /opt/airflow/dags/src/lab.py
[2026-03-25T01:14:22.758+0000] {processor.py:830} INFO - Processing file /opt/airflow/dags/src/lab.py for tasks to queue
[2026-03-25T01:14:22.760+0000] {logging_mixin.py:188} INFO - [2026-03-25T01:14:22.760+0000] {dagbag.py:545} INFO - Filling up the DagBag from /opt/airflow/dags/src/lab.py
[2026-03-25T01:14:23.475+0000] {processor.py:842} WARNING - No viable dags retrieved from /opt/airflow/dags/src/lab.py
[2026-03-25T01:14:23.488+0000] {processor.py:183} INFO - Processing /opt/airflow/dags/src/lab.py took 0.733 seconds
[2026-03-25T01:14:53.745+0000] {processor.py:161} INFO - Started process (PID=1077) to work on /opt/airflow/dags/src/lab.py
[2026-03-25T01:14:53.749+0000] {processor.py:830} INFO - Processing file /opt/airflow/dags/src/lab.py for tasks to queue
[2026-03-25T01:14:53.750+0000] {logging_mixin.py:188} INFO - [2026-03-25T01:14:53.750+0000] {dagbag.py:545} INFO - Filling up the DagBag from /opt/airflow/dags/src/lab.py
[2026-03-25T01:14:54.397+0000] {processor.py:842} WARNING - No viable dags retrieved from /opt/airflow/dags/src/lab.py
[2026-03-25T01:14:54.413+0000] {processor.py:183} INFO - Processing /opt/airflow/dags/src/lab.py took 0.673 seconds
[2026-03-25T01:15:24.697+0000] {processor.py:161} INFO - Started process (PID=1107) to work on /opt/airflow/dags/src/lab.py
[2026-03-25T01:15:24.698+0000] {processor.py:830} INFO - Processing file /opt/airflow/dags/src/lab.py for tasks to queue
[2026-03-25T01:15:24.702+0000] {logging_mixin.py:188} INFO - [2026-03-25T01:15:24.702+0000] {dagbag.py:545} INFO - Filling up the DagBag from /opt/airflow/dags/src/lab.py
[2026-03-25T01:15:25.326+0000] {processor.py:842} WARNING - No viable dags retrieved from /opt/airflow/dags/src/lab.py
[2026-03-25T01:15:25.335+0000] {processor.py:183} INFO - Processing /opt/airflow/dags/src/lab.py took 0.647 seconds
[2026-03-25T01:15:55.609+0000] {processor.py:161} INFO - Started process (PID=1137) to work on /opt/airflow/dags/src/lab.py
[2026-03-25T01:15:55.610+0000] {processor.py:830} INFO - Processing file /opt/airflow/dags/src/lab.py for tasks to queue
[2026-03-25T01:15:55.612+0000] {logging_mixin.py:188} INFO - [2026-03-25T01:15:55.612+0000] {dagbag.py:545} INFO - Filling up the DagBag from /opt/airflow/dags/src/lab.py
[2026-03-25T01:15:56.251+0000] {processor.py:842} WARNING - No viable dags retrieved from /opt/airflow/dags/src/lab.py
[2026-03-25T01:15:56.260+0000] {processor.py:183} INFO - Processing /opt/airflow/dags/src/lab.py took 0.654 seconds
[2026-03-25T01:16:26.553+0000] {processor.py:161} INFO - Started process (PID=1167) to work on /opt/airflow/dags/src/lab.py
[2026-03-25T01:16:26.556+0000] {processor.py:830} INFO - Processing file /opt/airflow/dags/src/lab.py for tasks to queue
[2026-03-25T01:16:26.558+0000] {logging_mixin.py:188} INFO - [2026-03-25T01:16:26.558+0000] {dagbag.py:545} INFO - Filling up the DagBag from /opt/airflow/dags/src/lab.py
[2026-03-25T01:16:27.274+0000] {processor.py:842} WARNING - No viable dags retrieved from /opt/airflow/dags/src/lab.py
[2026-03-25T01:16:27.285+0000] {processor.py:183} INFO - Processing /opt/airflow/dags/src/lab.py took 0.736 seconds
[2026-03-25T01:16:57.554+0000] {processor.py:161} INFO - Started process (PID=1197) to work on /opt/airflow/dags/src/lab.py
[2026-03-25T01:16:57.557+0000] {processor.py:830} INFO - Processing file /opt/airflow/dags/src/lab.py for tasks to queue
[2026-03-25T01:16:57.558+0000] {logging_mixin.py:188} INFO - [2026-03-25T01:16:57.558+0000] {dagbag.py:545} INFO - Filling up the DagBag from /opt/airflow/dags/src/lab.py
[2026-03-25T01:16:58.241+0000] {processor.py:842} WARNING - No viable dags retrieved from /opt/airflow/dags/src/lab.py
[2026-03-25T01:16:58.252+0000] {processor.py:183} INFO - Processing /opt/airflow/dags/src/lab.py took 0.702 seconds
[2026-03-25T01:17:28.526+0000] {processor.py:161} INFO - Started process (PID=1233) to work on /opt/airflow/dags/src/lab.py
[2026-03-25T01:17:28.529+0000] {processor.py:830} INFO - Processing file /opt/airflow/dags/src/lab.py for tasks to queue
[2026-03-25T01:17:28.534+0000] {logging_mixin.py:188} INFO - [2026-03-25T01:17:28.533+0000] {dagbag.py:545} INFO - Filling up the DagBag from /opt/airflow/dags/src/lab.py
[2026-03-25T01:17:29.117+0000] {processor.py:842} WARNING - No viable dags retrieved from /opt/airflow/dags/src/lab.py
[2026-03-25T01:17:29.123+0000] {processor.py:183} INFO - Processing /opt/airflow/dags/src/lab.py took 0.600 seconds
[2026-03-25T01:17:59.409+0000] {processor.py:161} INFO - Started process (PID=1263) to work on /opt/airflow/dags/src/lab.py
[2026-03-25T01:17:59.412+0000] {processor.py:830} INFO - Processing file /opt/airflow/dags/src/lab.py for tasks to queue
[2026-03-25T01:17:59.414+0000] {logging_mixin.py:188} INFO - [2026-03-25T01:17:59.414+0000] {dagbag.py:545} INFO - Filling up the DagBag from /opt/airflow/dags/src/lab.py
[2026-03-25T01:18:00.004+0000] {processor.py:842} WARNING - No viable dags retrieved from /opt/airflow/dags/src/lab.py
[2026-03-25T01:18:00.014+0000] {processor.py:183} INFO - Processing /opt/airflow/dags/src/lab.py took 0.609 seconds
[2026-03-25T01:18:30.309+0000] {processor.py:161} INFO - Started process (PID=1293) to work on /opt/airflow/dags/src/lab.py
[2026-03-25T01:18:30.310+0000] {processor.py:830} INFO - Processing file /opt/airflow/dags/src/lab.py for tasks to queue
[2026-03-25T01:18:30.312+0000] {logging_mixin.py:188} INFO - [2026-03-25T01:18:30.312+0000] {dagbag.py:545} INFO - Filling up the DagBag from /opt/airflow/dags/src/lab.py
[2026-03-25T01:18:30.952+0000] {processor.py:842} WARNING - No viable dags retrieved from /opt/airflow/dags/src/lab.py
[2026-03-25T01:18:30.959+0000] {processor.py:183} INFO - Processing /opt/airflow/dags/src/lab.py took 0.657 seconds
[2026-03-25T01:19:01.287+0000] {processor.py:161} INFO - Started process (PID=1323) to work on /opt/airflow/dags/src/lab.py
[2026-03-25T01:19:01.288+0000] {processor.py:830} INFO - Processing file /opt/airflow/dags/src/lab.py for tasks to queue
[2026-03-25T01:19:01.290+0000] {logging_mixin.py:188} INFO - [2026-03-25T01:19:01.290+0000] {dagbag.py:545} INFO - Filling up the DagBag from /opt/airflow/dags/src/lab.py
[2026-03-25T01:19:02.000+0000] {processor.py:842} WARNING - No viable dags retrieved from /opt/airflow/dags/src/lab.py
[2026-03-25T01:19:02.007+0000] {processor.py:183} INFO - Processing /opt/airflow/dags/src/lab.py took 0.726 seconds
[2026-03-25T01:19:32.291+0000] {processor.py:161} INFO - Started process (PID=1353) to work on /opt/airflow/dags/src/lab.py
[2026-03-25T01:19:32.293+0000] {processor.py:830} INFO - Processing file /opt/airflow/dags/src/lab.py for tasks to queue
[2026-03-25T01:19:32.300+0000] {logging_mixin.py:188} INFO - [2026-03-25T01:19:32.299+0000] {dagbag.py:545} INFO - Filling up the DagBag from /opt/airflow/dags/src/lab.py
[2026-03-25T01:19:33.163+0000] {processor.py:842} WARNING - No viable dags retrieved from /opt/airflow/dags/src/lab.py
[2026-03-25T01:19:33.184+0000] {processor.py:183} INFO - Processing /opt/airflow/dags/src/lab.py took 0.897 seconds
[2026-03-25T01:20:03.553+0000] {processor.py:161} INFO - Started process (PID=1383) to work on /opt/airflow/dags/src/lab.py
[2026-03-25T01:20:03.555+0000] {processor.py:830} INFO - Processing file /opt/airflow/dags/src/lab.py for tasks to queue
[2026-03-25T01:20:03.557+0000] {logging_mixin.py:188} INFO - [2026-03-25T01:20:03.557+0000] {dagbag.py:545} INFO - Filling up the DagBag from /opt/airflow/dags/src/lab.py
[2026-03-25T01:20:04.667+0000] {processor.py:842} WARNING - No viable dags retrieved from /opt/airflow/dags/src/lab.py
[2026-03-25T01:20:04.681+0000] {processor.py:183} INFO - Processing /opt/airflow/dags/src/lab.py took 1.134 seconds
[2026-03-25T01:20:34.970+0000] {processor.py:161} INFO - Started process (PID=1413) to work on /opt/airflow/dags/src/lab.py
[2026-03-25T01:20:34.973+0000] {processor.py:830} INFO - Processing file /opt/airflow/dags/src/lab.py for tasks to queue
[2026-03-25T01:20:34.975+0000] {logging_mixin.py:188} INFO - [2026-03-25T01:20:34.974+0000] {dagbag.py:545} INFO - Filling up the DagBag from /opt/airflow/dags/src/lab.py
[2026-03-25T01:20:35.612+0000] {processor.py:842} WARNING - No viable dags retrieved from /opt/airflow/dags/src/lab.py
[2026-03-25T01:20:35.619+0000] {processor.py:183} INFO - Processing /opt/airflow/dags/src/lab.py took 0.654 seconds
[2026-03-25T01:21:05.904+0000] {processor.py:161} INFO - Started process (PID=1443) to work on /opt/airflow/dags/src/lab.py
[2026-03-25T01:21:05.905+0000] {processor.py:830} INFO - Processing file /opt/airflow/dags/src/lab.py for tasks to queue
[2026-03-25T01:21:05.906+0000] {logging_mixin.py:188} INFO - [2026-03-25T01:21:05.906+0000] {dagbag.py:545} INFO - Filling up the DagBag from /opt/airflow/dags/src/lab.py
[2026-03-25T01:21:06.530+0000] {processor.py:842} WARNING - No viable dags retrieved from /opt/airflow/dags/src/lab.py
[2026-03-25T01:21:06.547+0000] {processor.py:183} INFO - Processing /opt/airflow/dags/src/lab.py took 0.646 seconds
