[2026-03-25T01:10:28.049+0000] {local_task_job_runner.py:120} INFO - ::group::Pre task execution logs
[2026-03-25T01:10:28.080+0000] {taskinstance.py:2076} INFO - Dependencies all met for dep_context=non-requeueable deps ti=<TaskInstance: Airflow_Lab1.compare_models_task manual__2026-03-25T01:10:23.047631+00:00 [queued]>
[2026-03-25T01:10:28.088+0000] {taskinstance.py:2076} INFO - Dependencies all met for dep_context=requeueable deps ti=<TaskInstance: Airflow_Lab1.compare_models_task manual__2026-03-25T01:10:23.047631+00:00 [queued]>
[2026-03-25T01:10:28.090+0000] {taskinstance.py:2306} INFO - Starting attempt 1 of 1
[2026-03-25T01:10:28.097+0000] {taskinstance.py:2330} INFO - Executing <Task(PythonOperator): compare_models_task> on 2026-03-25 01:10:23.047631+00:00
[2026-03-25T01:10:28.106+0000] {warnings.py:112} WARNING - /home/***/.local/lib/python3.12/site-packages/***/task/task_runner/standard_task_runner.py:61: DeprecationWarning: This process (pid=282) is multi-threaded, use of fork() may lead to deadlocks in the child.
  pid = os.fork()

[2026-03-25T01:10:28.111+0000] {standard_task_runner.py:63} INFO - Started process 306 to run task
[2026-03-25T01:10:28.108+0000] {standard_task_runner.py:90} INFO - Running: ['***', 'tasks', 'run', 'Airflow_Lab1', 'compare_models_task', 'manual__2026-03-25T01:10:23.047631+00:00', '--job-id', '6', '--raw', '--subdir', 'DAGS_FOLDER/***.py', '--cfg-path', '/tmp/tmpulm4cndc']
[2026-03-25T01:10:28.112+0000] {standard_task_runner.py:91} INFO - Job 6: Subtask compare_models_task
[2026-03-25T01:10:28.180+0000] {task_command.py:426} INFO - Running <TaskInstance: Airflow_Lab1.compare_models_task manual__2026-03-25T01:10:23.047631+00:00 [running]> on host f864ebec81d3
[2026-03-25T01:10:28.273+0000] {taskinstance.py:2648} INFO - Exporting env vars: AIRFLOW_CTX_DAG_OWNER='your_name' AIRFLOW_CTX_DAG_ID='Airflow_Lab1' AIRFLOW_CTX_TASK_ID='compare_models_task' AIRFLOW_CTX_EXECUTION_DATE='2026-03-25T01:10:23.047631+00:00' AIRFLOW_CTX_TRY_NUMBER='1' AIRFLOW_CTX_DAG_RUN_ID='manual__2026-03-25T01:10:23.047631+00:00'
[2026-03-25T01:10:28.273+0000] {taskinstance.py:430} INFO - ::endgroup::
[2026-03-25T01:10:28.412+0000] {logging_mixin.py:188} INFO - ⚠️  DBSCAN found fewer than 2 clusters
[2026-03-25T01:10:28.412+0000] {logging_mixin.py:188} INFO - ==================================================
[2026-03-25T01:10:28.412+0000] {logging_mixin.py:188} INFO -        MODEL COMPARISON REPORT
[2026-03-25T01:10:28.412+0000] {logging_mixin.py:188} INFO - ==================================================
[2026-03-25T01:10:28.412+0000] {logging_mixin.py:188} INFO -   KMeans → Silhouette Score: 0.5283 | Clusters: 3
[2026-03-25T01:10:28.412+0000] {logging_mixin.py:188} INFO -   DBSCAN → Silhouette Score: -1.0000 | Clusters: 1
[2026-03-25T01:10:28.412+0000] {logging_mixin.py:188} INFO - --------------------------------------------------
[2026-03-25T01:10:28.413+0000] {logging_mixin.py:188} INFO -   🏆 Winner: KMeans is better for this dataset!
[2026-03-25T01:10:28.413+0000] {logging_mixin.py:188} INFO - ==================================================
[2026-03-25T01:10:28.413+0000] {python.py:237} INFO - Done. Returned value was: {'kmeans': 0.5283435173801672, 'dbscan': -1}
[2026-03-25T01:10:28.413+0000] {taskinstance.py:441} INFO - ::group::Post task execution logs
[2026-03-25T01:10:28.436+0000] {taskinstance.py:1206} INFO - Marking task as SUCCESS. dag_id=Airflow_Lab1, task_id=compare_models_task, run_id=manual__2026-03-25T01:10:23.047631+00:00, execution_date=20260325T011023, start_date=20260325T011028, end_date=20260325T011028
[2026-03-25T01:10:28.460+0000] {local_task_job_runner.py:240} INFO - Task exited with return code 0
[2026-03-25T01:10:28.467+0000] {taskinstance.py:3503} INFO - 0 downstream tasks scheduled from follow-on schedule check
[2026-03-25T01:10:28.467+0000] {local_task_job_runner.py:222} INFO - ::endgroup::
